# JRE version: OpenJDK Runtime Environment (8.0_152-b01) (build 1.8.0_152-release-1012-b01)
# Java VM: OpenJDK 64-Bit Server VM (25.152-b01 mixed mode linux-amd64 compressed oops)
Heap:
 PSYoungGen      total 477696K, used 0K [0x00000000e0000000, 0x00000000ffb00000, 0x0000000100000000)
  eden space 434688K, 0% used [0x00000000e0000000,0x00000000e0000000,0x00000000fa880000)
  from space 43008K, 0% used [0x00000000fd100000,0x00000000fd100000,0x00000000ffb00000)
  to   space 41472K, 0% used [0x00000000fa880000,0x00000000fa880000,0x00000000fd100000)
 ParOldGen       total 213504K, used 120638K [0x00000000a0000000, 0x00000000ad080000, 0x00000000e0000000)
  object space 213504K, 56% used [0x00000000a0000000,0x00000000a75cfb08,0x00000000ad080000)
 Metaspace       used 93436K, capacity 98376K, committed 98712K, reserved 1134592K
  class space    used 12038K, capacity 13269K, committed 13388K, reserved 1048576K
GC Heap History (10 events):
Event: 850.367 GC heap after
Heap after GC invocations=25 (full 3):
 PSYoungGen      total 382976K, used 14304K [0x00000000e0000000, 0x00000000fe080000, 0x0000000100000000)
  eden space 368640K, 0% used [0x00000000e0000000,0x00000000e0000000,0x00000000f6800000)
  from space 14336K, 99% used [0x00000000fd280000,0x00000000fe0783e8,0x00000000fe080000)
  to   space 46080K, 0% used [0x00000000f8680000,0x00000000f8680000,0x00000000fb380000)
 ParOldGen       total 213504K, used 107354K [0x00000000a0000000, 0x00000000ad080000, 0x00000000e0000000)
  object space 213504K, 50% used [0x00000000a0000000,0x00000000a68d6ba8,0x00000000ad080000)
 Metaspace       used 89969K, capacity 94796K, committed 94848K, reserved 1132544K
  class space    used 11445K, capacity 12649K, committed 12672K, reserved 1048576K
}
Event: 853.325 GC heap before
{Heap before GC invocations=26 (full 3):
 PSYoungGen      total 382976K, used 382095K [0x00000000e0000000, 0x00000000fe080000, 0x0000000100000000)
  eden space 368640K, 99% used [0x00000000e0000000,0x00000000f672baf8,0x00000000f6800000)
  from space 14336K, 99% used [0x00000000fd280000,0x00000000fe0783e8,0x00000000fe080000)
  to   space 46080K, 0% used [0x00000000f8680000,0x00000000f8680000,0x00000000fb380000)
 ParOldGen       total 213504K, used 107354K [0x00000000a0000000, 0x00000000ad080000, 0x00000000e0000000)
  object space 213504K, 50% used [0x00000000a0000000,0x00000000a68d6ba8,0x00000000ad080000)
 Metaspace       used 90818K, capacity 95872K, committed 96128K, reserved 1132544K
  class space    used 11575K, capacity 12847K, committed 12928K, reserved 1048576K
Event: 853.368 GC heap after
Heap after GC invocations=26 (full 3):
 PSYoungGen      total 384000K, used 27232K [0x00000000e0000000, 0x00000000fd300000, 0x0000000100000000)
  eden space 356352K, 0% used [0x00000000e0000000,0x00000000e0000000,0x00000000f5c00000)
  from space 27648K, 98% used [0x00000000f8680000,0x00000000fa118358,0x00000000fa180000)
  to   space 46080K, 0% used [0x00000000fa600000,0x00000000fa600000,0x00000000fd300000)
 ParOldGen       total 213504K, used 112505K [0x00000000a0000000, 0x00000000ad080000, 0x00000000e0000000)
  object space 213504K, 52% used [0x00000000a0000000,0x00000000a6dde7d0,0x00000000ad080000)
 Metaspace       used 90818K, capacity 95872K, committed 96128K, reserved 1132544K
  class space    used 11575K, capacity 12847K, committed 12928K, reserved 1048576K
}
Event: 854.955 GC heap before
{Heap before GC invocations=27 (full 3):
 PSYoungGen      total 384000K, used 383584K [0x00000000e0000000, 0x00000000fd300000, 0x0000000100000000)
  eden space 356352K, 100% used [0x00000000e0000000,0x00000000f5c00000,0x00000000f5c00000)
  from space 27648K, 98% used [0x00000000f8680000,0x00000000fa118358,0x00000000fa180000)
  to   space 46080K, 0% used [0x00000000fa600000,0x00000000fa600000,0x00000000fd300000)
 ParOldGen       total 213504K, used 112505K [0x00000000a0000000, 0x00000000ad080000, 0x00000000e0000000)
  object space 213504K, 52% used [0x00000000a0000000,0x00000000a6dde7d0,0x00000000ad080000)
 Metaspace       used 93153K, capacity 98306K, committed 98380K, reserved 1134592K
  class space    used 11993K, capacity 13261K, committed 13312K, reserved 1048576K
Event: 855.013 GC heap after
Heap after GC invocations=27 (full 3):
 PSYoungGen      total 433152K, used 25745K [0x00000000e0000000, 0x00000000ff700000, 0x0000000100000000)
  eden space 387072K, 0% used [0x00000000e0000000,0x00000000e0000000,0x00000000f7a00000)
  from space 46080K, 55% used [0x00000000fa600000,0x00000000fbf24670,0x00000000fd300000)
  to   space 45056K, 0% used [0x00000000f7a00000,0x00000000f7a00000,0x00000000fa600000)
 ParOldGen       total 213504K, used 112505K [0x00000000a0000000, 0x00000000ad080000, 0x00000000e0000000)
  object space 213504K, 52% used [0x00000000a0000000,0x00000000a6dde7d0,0x00000000ad080000)
 Metaspace       used 93153K, capacity 98306K, committed 98380K, reserved 1134592K
  class space    used 11993K, capacity 13261K, committed 13312K, reserved 1048576K
}
Event: 855.405 GC heap before
{Heap before GC invocations=28 (full 3):
 PSYoungGen      total 433152K, used 43654K [0x00000000e0000000, 0x00000000ff700000, 0x0000000100000000)
  eden space 387072K, 4% used [0x00000000e0000000,0x00000000e117d220,0x00000000f7a00000)
  from space 46080K, 55% used [0x00000000fa600000,0x00000000fbf24670,0x00000000fd300000)
  to   space 45056K, 0% used [0x00000000f7a00000,0x00000000f7a00000,0x00000000fa600000)
 ParOldGen       total 213504K, used 112505K [0x00000000a0000000, 0x00000000ad080000, 0x00000000e0000000)
  object space 213504K, 52% used [0x00000000a0000000,0x00000000a6dde7d0,0x00000000ad080000)
 Metaspace       used 93238K, capacity 98402K, committed 98636K, reserved 1134592K
  class space    used 12006K, capacity 13293K, committed 13312K, reserved 1048576K
Event: 855.443 GC heap after
Heap after GC invocations=28 (full 3):
 PSYoungGen      total 432128K, used 21176K [0x00000000e0000000, 0x00000000ffb00000, 0x0000000100000000)
  eden space 387072K, 0% used [0x00000000e0000000,0x00000000e0000000,0x00000000f7a00000)
  from space 45056K, 46% used [0x00000000f7a00000,0x00000000f8eae060,0x00000000fa600000)
  to   space 43008K, 0% used [0x00000000fd100000,0x00000000fd100000,0x00000000ffb00000)
 ParOldGen       total 213504K, used 113201K [0x00000000a0000000, 0x00000000ad080000, 0x00000000e0000000)
  object space 213504K, 53% used [0x00000000a0000000,0x00000000a6e8c7e0,0x00000000ad080000)
 Metaspace       used 93238K, capacity 98402K, committed 98636K, reserved 1134592K
  class space    used 12006K, capacity 13293K, committed 13312K, reserved 1048576K
}
Event: 855.779 GC heap before
{Heap before GC invocations=29 (full 3):
 PSYoungGen      total 432128K, used 112539K [0x00000000e0000000, 0x00000000ffb00000, 0x0000000100000000)
  eden space 387072K, 23% used [0x00000000e0000000,0x00000000e5938ce0,0x00000000f7a00000)
  from space 45056K, 46% used [0x00000000f7a00000,0x00000000f8eae060,0x00000000fa600000)
  to   space 43008K, 0% used [0x00000000fd100000,0x00000000fd100000,0x00000000ffb00000)
 ParOldGen       total 213504K, used 113201K [0x00000000a0000000, 0x00000000ad080000, 0x00000000e0000000)
  object space 213504K, 53% used [0x00000000a0000000,0x00000000a6e8c7e0,0x00000000ad080000)
 Metaspace       used 93580K, capacity 98658K, committed 98712K, reserved 1134592K
  class space    used 12076K, capacity 13357K, committed 13388K, reserved 1048576K
Event: 855.814 GC heap after
Heap after GC invocations=29 (full 3):
 PSYoungGen      total 477696K, used 19520K [0x00000000e0000000, 0x00000000ffb00000, 0x0000000100000000)
  eden space 434688K, 0% used [0x00000000e0000000,0x00000000e0000000,0x00000000fa880000)
  from space 43008K, 45% used [0x00000000fd100000,0x00000000fe4101f8,0x00000000ffb00000)
  to   space 41472K, 0% used [0x00000000fa880000,0x00000000fa880000,0x00000000fd100000)
 ParOldGen       total 213504K, used 116579K [0x00000000a0000000, 0x00000000ad080000, 0x00000000e0000000)
  object space 213504K, 54% used [0x00000000a0000000,0x00000000a71d8ce8,0x00000000ad080000)
 Metaspace       used 93580K, capacity 98658K, committed 98712K, reserved 1134592K
  class space    used 12076K, capacity 13357K, committed 13388K, reserved 1048576K
}
Event: 855.814 GC heap before
{Heap before GC invocations=30 (full 4):
 PSYoungGen      total 477696K, used 19520K [0x00000000e0000000, 0x00000000ffb00000, 0x0000000100000000)
  eden space 434688K, 0% used [0x00000000e0000000,0x00000000e0000000,0x00000000fa880000)
  from space 43008K, 45% used [0x00000000fd100000,0x00000000fe4101f8,0x00000000ffb00000)
  to   space 41472K, 0% used [0x00000000fa880000,0x00000000fa880000,0x00000000fd100000)
 ParOldGen       total 213504K, used 116579K [0x00000000a0000000, 0x00000000ad080000, 0x00000000e0000000)
  object space 213504K, 54% used [0x00000000a0000000,0x00000000a71d8ce8,0x00000000ad080000)
 Metaspace       used 93580K, capacity 98658K, committed 98712K, reserved 1134592K
  class space    used 12076K, capacity 13357K, committed 13388K, reserved 1048576K

