# JRE version: OpenJDK Runtime Environment (8.0_152-b01) (build 1.8.0_152-release-1012-b01)
# Java VM: OpenJDK 64-Bit Server VM (25.152-b01 mixed mode linux-amd64 compressed oops)
Heap:
 PSYoungGen      total 412672K, used 0K [0x00000000e0000000, 0x0000000100000000, 0x0000000100000000)
  eden space 354304K, 0% used [0x00000000e0000000,0x00000000e0000000,0x00000000f5a00000)
  from space 58368K, 0% used [0x00000000fc700000,0x00000000fc700000,0x0000000100000000)
  to   space 84992K, 0% used [0x00000000f5a00000,0x00000000f5a00000,0x00000000fad00000)
 ParOldGen       total 266752K, used 71428K [0x00000000a0000000, 0x00000000b0480000, 0x00000000e0000000)
  object space 266752K, 26% used [0x00000000a0000000,0x00000000a45c1168,0x00000000b0480000)
 Metaspace       used 69865K, capacity 73018K, committed 74584K, reserved 1114112K
  class space    used 9129K, capacity 9795K, committed 10112K, reserved 1048576K
GC Heap History (10 events):
Event: 139.800 GC heap after
Heap after GC invocations=35 (full 3):
 PSYoungGen      total 496128K, used 4074K [0x00000000e0000000, 0x00000000fff80000, 0x0000000100000000)
  eden space 469504K, 0% used [0x00000000e0000000,0x00000000e0000000,0x00000000fca80000)
  from space 26624K, 15% used [0x00000000fe580000,0x00000000fe97a960,0x00000000fff80000)
  to   space 27136K, 0% used [0x00000000fca80000,0x00000000fca80000,0x00000000fe500000)
 ParOldGen       total 266752K, used 72473K [0x00000000a0000000, 0x00000000b0480000, 0x00000000e0000000)
  object space 266752K, 27% used [0x00000000a0000000,0x00000000a46c67c0,0x00000000b0480000)
 Metaspace       used 68749K, capacity 71994K, committed 72280K, reserved 1112064K
  class space    used 9032K, capacity 9736K, committed 9856K, reserved 1048576K
}
Event: 143.181 GC heap before
{Heap before GC invocations=36 (full 3):
 PSYoungGen      total 496128K, used 473578K [0x00000000e0000000, 0x00000000fff80000, 0x0000000100000000)
  eden space 469504K, 100% used [0x00000000e0000000,0x00000000fca80000,0x00000000fca80000)
  from space 26624K, 15% used [0x00000000fe580000,0x00000000fe97a960,0x00000000fff80000)
  to   space 27136K, 0% used [0x00000000fca80000,0x00000000fca80000,0x00000000fe500000)
 ParOldGen       total 266752K, used 72473K [0x00000000a0000000, 0x00000000b0480000, 0x00000000e0000000)
  object space 266752K, 27% used [0x00000000a0000000,0x00000000a46c67c0,0x00000000b0480000)
 Metaspace       used 68941K, capacity 72282K, committed 72536K, reserved 1112064K
  class space    used 9047K, capacity 9754K, committed 9856K, reserved 1048576K
Event: 143.227 GC heap after
Heap after GC invocations=36 (full 3):
 PSYoungGen      total 496640K, used 5241K [0x00000000e0000000, 0x0000000100000000, 0x0000000100000000)
  eden space 469504K, 0% used [0x00000000e0000000,0x00000000e0000000,0x00000000fca80000)
  from space 27136K, 19% used [0x00000000fca80000,0x00000000fcf9e598,0x00000000fe500000)
  to   space 27136K, 0% used [0x00000000fe580000,0x00000000fe580000,0x0000000100000000)
 ParOldGen       total 266752K, used 74501K [0x00000000a0000000, 0x00000000b0480000, 0x00000000e0000000)
  object space 266752K, 27% used [0x00000000a0000000,0x00000000a48c1530,0x00000000b0480000)
 Metaspace       used 68941K, capacity 72282K, committed 72536K, reserved 1112064K
  class space    used 9047K, capacity 9754K, committed 9856K, reserved 1048576K
}
Event: 183.622 GC heap before
{Heap before GC invocations=37 (full 3):
 PSYoungGen      total 496640K, used 474745K [0x00000000e0000000, 0x0000000100000000, 0x0000000100000000)
  eden space 469504K, 100% used [0x00000000e0000000,0x00000000fca80000,0x00000000fca80000)
  from space 27136K, 19% used [0x00000000fca80000,0x00000000fcf9e598,0x00000000fe500000)
  to   space 27136K, 0% used [0x00000000fe580000,0x00000000fe580000,0x0000000100000000)
 ParOldGen       total 266752K, used 74501K [0x00000000a0000000, 0x00000000b0480000, 0x00000000e0000000)
  object space 266752K, 27% used [0x00000000a0000000,0x00000000a48c1530,0x00000000b0480000)
 Metaspace       used 69654K, capacity 73044K, committed 73304K, reserved 1112064K
  class space    used 9113K, capacity 9831K, committed 9856K, reserved 1048576K
Event: 183.985 GC heap after
Heap after GC invocations=37 (full 3):
 PSYoungGen      total 434688K, used 27126K [0x00000000e0000000, 0x0000000100000000, 0x0000000100000000)
  eden space 407552K, 0% used [0x00000000e0000000,0x00000000e0000000,0x00000000f8e00000)
  from space 27136K, 99% used [0x00000000fe580000,0x00000000ffffda30,0x0000000100000000)
  to   space 58368K, 0% used [0x00000000f8e00000,0x00000000f8e00000,0x00000000fc700000)
 ParOldGen       total 266752K, used 148567K [0x00000000a0000000, 0x00000000b0480000, 0x00000000e0000000)
  object space 266752K, 55% used [0x00000000a0000000,0x00000000a9115f88,0x00000000b0480000)
 Metaspace       used 69654K, capacity 73044K, committed 73304K, reserved 1112064K
  class space    used 9113K, capacity 9831K, committed 9856K, reserved 1048576K
}
Event: 187.255 GC heap before
{Heap before GC invocations=38 (full 3):
 PSYoungGen      total 434688K, used 434678K [0x00000000e0000000, 0x0000000100000000, 0x0000000100000000)
  eden space 407552K, 100% used [0x00000000e0000000,0x00000000f8e00000,0x00000000f8e00000)
  from space 27136K, 99% used [0x00000000fe580000,0x00000000ffffda30,0x0000000100000000)
  to   space 58368K, 0% used [0x00000000f8e00000,0x00000000f8e00000,0x00000000fc700000)
 ParOldGen       total 266752K, used 148567K [0x00000000a0000000, 0x00000000b0480000, 0x00000000e0000000)
  object space 266752K, 55% used [0x00000000a0000000,0x00000000a9115f88,0x00000000b0480000)
 Metaspace       used 69749K, capacity 73160K, committed 73432K, reserved 1112064K
  class space    used 9118K, capacity 9869K, committed 9984K, reserved 1048576K
Event: 187.370 GC heap after
Heap after GC invocations=38 (full 3):
 PSYoungGen      total 465920K, used 58337K [0x00000000e0000000, 0x0000000100000000, 0x0000000100000000)
  eden space 407552K, 0% used [0x00000000e0000000,0x00000000e0000000,0x00000000f8e00000)
  from space 58368K, 99% used [0x00000000f8e00000,0x00000000fc6f87a0,0x00000000fc700000)
  to   space 58368K, 0% used [0x00000000fc700000,0x00000000fc700000,0x0000000100000000)
 ParOldGen       total 266752K, used 205509K [0x00000000a0000000, 0x00000000b0480000, 0x00000000e0000000)
  object space 266752K, 77% used [0x00000000a0000000,0x00000000ac8b1410,0x00000000b0480000)
 Metaspace       used 69749K, capacity 73160K, committed 73432K, reserved 1112064K
  class space    used 9118K, capacity 9869K, committed 9984K, reserved 1048576K
}
Event: 191.673 GC heap before
{Heap before GC invocations=39 (full 3):
 PSYoungGen      total 465920K, used 465490K [0x00000000e0000000, 0x0000000100000000, 0x0000000100000000)
  eden space 407552K, 99% used [0x00000000e0000000,0x00000000f8d9c2f8,0x00000000f8e00000)
  from space 58368K, 99% used [0x00000000f8e00000,0x00000000fc6f87a0,0x00000000fc700000)
  to   space 58368K, 0% used [0x00000000fc700000,0x00000000fc700000,0x0000000100000000)
 ParOldGen       total 266752K, used 205509K [0x00000000a0000000, 0x00000000b0480000, 0x00000000e0000000)
  object space 266752K, 77% used [0x00000000a0000000,0x00000000ac8b1410,0x00000000b0480000)
 Metaspace       used 70792K, capacity 74422K, committed 74584K, reserved 1114112K
  class space    used 9278K, capacity 10044K, committed 10112K, reserved 1048576K
Event: 191.744 GC heap after
Heap after GC invocations=39 (full 3):
 PSYoungGen      total 412672K, used 24060K [0x00000000e0000000, 0x0000000100000000, 0x0000000100000000)
  eden space 354304K, 0% used [0x00000000e0000000,0x00000000e0000000,0x00000000f5a00000)
  from space 58368K, 41% used [0x00000000fc700000,0x00000000fde7f2f0,0x0000000100000000)
  to   space 84992K, 0% used [0x00000000f5a00000,0x00000000f5a00000,0x00000000fad00000)
 ParOldGen       total 266752K, used 238054K [0x00000000a0000000, 0x00000000b0480000, 0x00000000e0000000)
  object space 266752K, 89% used [0x00000000a0000000,0x00000000ae879ad0,0x00000000b0480000)
 Metaspace       used 70792K, capacity 74422K, committed 74584K, reserved 1114112K
  class space    used 9278K, capacity 10044K, committed 10112K, reserved 1048576K
}
Event: 191.744 GC heap before
{Heap before GC invocations=40 (full 4):
 PSYoungGen      total 412672K, used 24060K [0x00000000e0000000, 0x0000000100000000, 0x0000000100000000)
  eden space 354304K, 0% used [0x00000000e0000000,0x00000000e0000000,0x00000000f5a00000)
  from space 58368K, 41% used [0x00000000fc700000,0x00000000fde7f2f0,0x0000000100000000)
  to   space 84992K, 0% used [0x00000000f5a00000,0x00000000f5a00000,0x00000000fad00000)
 ParOldGen       total 266752K, used 238054K [0x00000000a0000000, 0x00000000b0480000, 0x00000000e0000000)
  object space 266752K, 89% used [0x00000000a0000000,0x00000000ae879ad0,0x00000000b0480000)
 Metaspace       used 70792K, capacity 74422K, committed 74584K, reserved 1114112K
  class space    used 9278K, capacity 10044K, committed 10112K, reserved 1048576K

